  date.cpp
  income_record.cpp
  main.cpp
  menu.cpp
C:\Users\lenovo\source\repos\financial_management\financial_management\menu.cpp(96,43): warning C4305: “参数”: 从“double”到“T”截断
C:\Users\lenovo\source\repos\financial_management\financial_management\menu.cpp(96,43): warning C4305:         with
C:\Users\lenovo\source\repos\financial_management\financial_management\menu.cpp(96,43): warning C4305:         [
C:\Users\lenovo\source\repos\financial_management\financial_management\menu.cpp(96,43): warning C4305:             T=float
C:\Users\lenovo\source\repos\financial_management\financial_management\menu.cpp(96,43): warning C4305:         ]
C:\Users\lenovo\source\repos\financial_management\financial_management\menu.cpp(116,43): warning C4305: “参数”: 从“double”到“T”截断
C:\Users\lenovo\source\repos\financial_management\financial_management\menu.cpp(116,43): warning C4305:         with
C:\Users\lenovo\source\repos\financial_management\financial_management\menu.cpp(116,43): warning C4305:         [
C:\Users\lenovo\source\repos\financial_management\financial_management\menu.cpp(116,43): warning C4305:             T=float
C:\Users\lenovo\source\repos\financial_management\financial_management\menu.cpp(116,43): warning C4305:         ]
  recordmanager.cpp
C:\Users\lenovo\source\repos\financial_management\financial_management\recordmanager.cpp(237,52): warning C4267: “参数”: 从“size_t”转换到“T”，可能丢失数据
C:\Users\lenovo\source\repos\financial_management\financial_management\recordmanager.cpp(237,52): warning C4267:         with
C:\Users\lenovo\source\repos\financial_management\financial_management\recordmanager.cpp(237,52): warning C4267:         [
C:\Users\lenovo\source\repos\financial_management\financial_management\recordmanager.cpp(237,52): warning C4267:             T=int
C:\Users\lenovo\source\repos\financial_management\financial_management\recordmanager.cpp(237,52): warning C4267:         ]
C:\Users\lenovo\source\repos\financial_management\financial_management\recordmanager.cpp(252,35): warning C4305: “参数”: 从“double”到“T”截断
C:\Users\lenovo\source\repos\financial_management\financial_management\recordmanager.cpp(252,35): warning C4305:         with
C:\Users\lenovo\source\repos\financial_management\financial_management\recordmanager.cpp(252,35): warning C4305:         [
C:\Users\lenovo\source\repos\financial_management\financial_management\recordmanager.cpp(252,35): warning C4305:             T=float
C:\Users\lenovo\source\repos\financial_management\financial_management\recordmanager.cpp(252,35): warning C4305:         ]
C:\Users\lenovo\source\repos\financial_management\financial_management\recordmanager.cpp(344,53): warning C4267: “参数”: 从“size_t”转换到“T”，可能丢失数据
C:\Users\lenovo\source\repos\financial_management\financial_management\recordmanager.cpp(344,53): warning C4267:         with
C:\Users\lenovo\source\repos\financial_management\financial_management\recordmanager.cpp(344,53): warning C4267:         [
C:\Users\lenovo\source\repos\financial_management\financial_management\recordmanager.cpp(344,53): warning C4267:             T=int
C:\Users\lenovo\source\repos\financial_management\financial_management\recordmanager.cpp(344,53): warning C4267:         ]
C:\Users\lenovo\source\repos\financial_management\financial_management\recordmanager.cpp(353,14): warning C4267: “初始化”: 从“size_t”转换到“int”，可能丢失数据
C:\Users\lenovo\source\repos\financial_management\financial_management\recordmanager.cpp(377,39): warning C4244: “+=”: 从“float”转换到“int”，可能丢失数据
C:\Users\lenovo\source\repos\financial_management\financial_management\recordmanager.cpp(379,38): warning C4244: “+=”: 从“float”转换到“int”，可能丢失数据
C:\Users\lenovo\source\repos\financial_management\financial_management\recordmanager.cpp(414,37): warning C4244: “+=”: 从“float”转换到“int”，可能丢失数据
C:\Users\lenovo\source\repos\financial_management\financial_management\recordmanager.cpp(422,36): warning C4244: “+=”: 从“float”转换到“int”，可能丢失数据
C:\Users\lenovo\source\repos\financial_management\financial_management\recordmanager.cpp(456,21): warning C4267: “return”: 从“size_t”转换到“int”，可能丢失数据
C:\Users\lenovo\source\repos\financial_management\financial_management\recordmanager.cpp(465,39): warning C4244: “+=”: 从“float”转换到“int”，可能丢失数据
C:\Users\lenovo\source\repos\financial_management\financial_management\recordmanager.cpp(467,38): warning C4244: “+=”: 从“float”转换到“int”，可能丢失数据
  spend_record.cpp
  record.cpp
C:\Users\lenovo\source\repos\financial_management\financial_management\record.cpp(7,8): warning C4305: “=”: 从“double”到“float”截断
  recordmanager.h
  正在生成代码...
x64\Debug\recordmanager.obj : warning LNK4042: 对象被多次指定；已忽略多余的指定
  financial_management.vcxproj -> C:\Users\lenovo\source\repos\financial_management\x64\Debug\financial_management.exe
